#
# A fatal error has been detected by the Java Runtime Environment:
#
#  SIGSEGV (0xb) at pc=0x00007e4ee6270d94, pid=599094, tid=599101
#
# JRE version: OpenJDK Runtime Environment (11.0.22+7) (build 11.0.22+7-post-Ubuntu-0ubuntu222.04.1)
# Java VM: OpenJDK 64-Bit Server VM (11.0.22+7-post-Ubuntu-0ubuntu222.04.1, mixed mode, sharing, tiered, compressed oops, g1 gc, linux-amd64)
# Problematic frame:
# V  [libjvm.so+0x670d94]  ConstantPool::impl_name_and_type_ref_index_at(int, bool)+0x24
#
# Core dump will be written. Default location: Core dumps may be processed with "/usr/share/apport/apport -p%p -s%s -c%c -d%d -P%P -u%u -g%g -- %E" (or dumping to /home/danim/Repositorio/Algo2-1C-2024/Entregas/Taller/taller5/estudiantes/core.599094)
#
# If you would like to submit a bug report, please visit:
#   https://bugs.launchpad.net/ubuntu/+source/openjdk-lts
#

---------------  S U M M A R Y ------------

Command Line: -Xdebug -Xnoagent -Djava.compiler=NONE -Xrunjdwp:transport=dt_socket,address=localhost:38243,server=n,suspend=y -ea -Dfile.encoding=UTF-8 org.eclipse.jdt.internal.junit.runner.RemoteTestRunner -version 3 -port 40599 -testLoaderClass org.eclipse.jdt.internal.junit5.runner.JUnit5TestLoader -loaderpluginname org.eclipse.jdt.junit5.runtime -testNameFile /tmp/testNames17156143012472401089.txt

Host: Intel(R) Core(TM) i5-7200U CPU @ 2.50GHz, 4 cores, 5G, Ubuntu 22.04.4 LTS
Time: Tue May 28 23:02:17 2024 -03 elapsed time: 152.052507 seconds (0d 0h 2m 32s)

---------------  T H R E A D  ---------------

Current thread (0x00007e4ee00e4800):  VMThread "VM Thread" [stack: 0x00007e4edff00000,0x00007e4ee0000000] [id=599101]

Stack: [0x00007e4edff00000,0x00007e4ee0000000],  sp=0x00007e4edfffe3b8,  free space=1016k
Native frames: (J=compiled Java code, A=aot compiled Java code, j=interpreted, Vv=VM code, C=native code)
V  [libjvm.so+0x670d94]  ConstantPool::impl_name_and_type_ref_index_at(int, bool)+0x24
V  [libjvm.so+0x7e8dc6]  GenerateOopMap::interp_bb(BasicBlock*)+0x1f6
V  [libjvm.so+0x7e9a61]  GenerateOopMap::do_interpretation()+0xd1
V  [libjvm.so+0x7e9d33]  GenerateOopMap::compute_map(Thread*)+0x293
V  [libjvm.so+0xbe3c46]  OopMapForCacheEntry::compute_map(Thread*) [clone .part.0]+0x56
V  [libjvm.so+0xbe491b]  OopMapCacheEntry::fill(methodHandle const&, int)+0x1cb
V  [libjvm.so+0xbe4e39]  OopMapCache::compute_one_oop_map(methodHandle const&, int, InterpreterOopMap*)+0x69
V  [libjvm.so+0xb8552e]  Method::mask_for(int, InterpreterOopMap*)+0xbe
V  [libjvm.so+0xa15f2e]  VM_GetOrSetLocal::doit()+0x4e
V  [libjvm.so+0xeaf133]  VM_Operation::evaluate()+0xe3
V  [libjvm.so+0xeb50ac]  VMThread::evaluate_operation(VM_Operation*) [clone .constprop.0]+0xbc
V  [libjvm.so+0xeb56cf]  VMThread::loop()+0x53f
V  [libjvm.so+0xeb5a36]  VMThread::run()+0x76
V  [libjvm.so+0xe3d790]  Thread::call_run()+0x140
V  [libjvm.so+0xbf97de]  thread_native_entry(Thread*)+0xee


siginfo: si_signo: 11 (SIGSEGV), si_code: 2 (SEGV_ACCERR), si_addr: 0x00007e4ec129a088

Register to memory mapping:

RAX=0x00007e4ec1104068 is pointing into metadata
RBX=0x0000000000000001 is an unknown value
RCX=0x000000000000ca0a is an unknown value
RDX=0x00007e4ec129a088 is an unknown value
RSP=0x00007e4edfffe3b8 points into unknown readable memory: 0x00007e4ee63e4a18 | 18 4a 3e e6 4e 7e 00 00
RBP=0x00007e4edfffe410 points into unknown readable memory: 0x00007e4edfffe4a0 | a0 e4 ff df 4e 7e 00 00
RSI=0x0000000000194140 is an unknown value
RDI=0x00007e4ec1104068 is pointing into metadata
R8 =0x0000000000000046 is an unknown value
R9 =0x00007e4ec1105206 is pointing into metadata
R10=0x0 is NULL
R11=0x0000000000000023 is an unknown value
R12=0x00007e4edfffe660 points into unknown readable memory: 0x00007e4ee6d8d340 | 40 d3 d8 e6 4e 7e 00 00
R13=0x0 is NULL
R14=0x0000000000000046 is an unknown value
R15=0x00007e4ec1104068 is pointing into metadata


Registers:
RAX=0x00007e4ec1104068, RBX=0x0000000000000001, RCX=0x000000000000ca0a, RDX=0x00007e4ec129a088
RSP=0x00007e4edfffe3b8, RBP=0x00007e4edfffe410, RSI=0x0000000000194140, RDI=0x00007e4ec1104068
R8 =0x0000000000000046, R9 =0x00007e4ec1105206, R10=0x0000000000000000, R11=0x0000000000000023
R12=0x00007e4edfffe660, R13=0x0000000000000000, R14=0x0000000000000046, R15=0x00007e4ec1104068
RIP=0x00007e4ee6270d94, EFLAGS=0x0000000000010202, CSGSFS=0x002b000000000033, ERR=0x0000000000000004
  TRAPNO=0x000000000000000e

Top of Stack: (sp=0x00007e4edfffe3b8)
0x00007e4edfffe3b8:   00007e4ee63e4a18 00007e4edfffe410
0x00007e4edfffe3c8:   00007e4ee63e375f 000000004fffffff
0x00007e4edfffe3d8:   00007e4ee6e8e588 00007e4edfffe440
0x00007e4edfffe3e8:   0000000000000051 00000000000000b4 

Instructions: (pc=0x00007e4ee6270d94)
0x00007e4ee6270c94:   48 63 f6 0f b6 54 32 04 80 fa 12 74 d9 48 8b 50
0x00007e4ee6270ca4:   08 0f b6 54 32 04 80 fa 11 74 cb 48 8b 50 08 0f
0x00007e4ee6270cb4:   b6 54 32 04 eb c0 66 0f 1f 44 00 00 f7 d6 48 63
0x00007e4ee6270cc4:   f6 48 c1 e6 05 48 8d 54 32 28 48 8b 12 0f b7 d2
0x00007e4ee6270cd4:   0f b7 54 d7 42 eb a4 90 0f 1f 40 00 f3 0f 1e fa
0x00007e4ee6270ce4:   48 89 f8 84 d2 75 35 48 8b 57 10 48 85 d2 74 2c
0x00007e4ee6270cf4:   85 f6 78 58 48 63 f6 48 c1 e6 05 48 8d 54 32 28
0x00007e4ee6270d04:   48 8b 32 0f b7 f6 0f b7 54 f0 42 0f b7 54 d0 42
0x00007e4ee6270d14:   48 8b 44 d0 40 c3 66 0f 1f 44 00 00 48 8b 50 08
0x00007e4ee6270d24:   48 63 f6 0f b6 54 32 04 80 fa 12 74 d9 48 8b 50
0x00007e4ee6270d34:   08 0f b6 54 32 04 80 fa 11 74 cb 48 8b 50 08 0f
0x00007e4ee6270d44:   b6 54 32 04 eb c0 66 0f 1f 44 00 00 f7 d6 48 63
0x00007e4ee6270d54:   f6 48 c1 e6 05 48 8d 54 32 28 48 8b 12 0f b7 d2
0x00007e4ee6270d64:   0f b7 54 d7 42 eb a4 90 0f 1f 40 00 f3 0f 1e fa
0x00007e4ee6270d74:   48 89 f8 84 d2 75 25 48 8b 57 10 48 85 d2 74 1c
0x00007e4ee6270d84:   85 f6 78 48 48 63 f6 48 c1 e6 05 48 8d 54 32 28
0x00007e4ee6270d94:   48 8b 32 0f b7 f6 0f b7 44 f0 42 c3 48 8b 50 08
0x00007e4ee6270da4:   48 63 f6 0f b6 54 32 04 80 fa 12 74 e9 48 8b 50
0x00007e4ee6270db4:   08 0f b6 54 32 04 80 fa 11 74 db 48 8b 50 08 0f
0x00007e4ee6270dc4:   b6 54 32 04 0f b7 44 f0 42 c3 66 90 f7 d6 48 63
0x00007e4ee6270dd4:   f6 48 c1 e6 05 48 8d 54 32 28 48 8b 12 0f b7 d2
0x00007e4ee6270de4:   0f b7 44 d7 42 c3 66 0f 1f 44 00 00 f3 0f 1e fa
0x00007e4ee6270df4:   48 89 f8 84 d2 75 21 48 8b 57 10 48 85 d2 74 18
0x00007e4ee6270e04:   85 f6 79 02 f7 d6 48 63 f6 48 c1 e6 05 48 8d 54
0x00007e4ee6270e14:   32 28 48 8b 32 0f b7 f6 48 8b 40 08 48 63 f6 0f
0x00007e4ee6270e24:   b6 44 30 04 c3 90 66 0f 1f 44 00 00 f3 0f 1e fa
0x00007e4ee6270e34:   55 48 89 e5 41 55 49 89 fd 41 54 41 89 d4 53 48
0x00007e4ee6270e44:   63 de 48 83 ec 08 85 db 78 32 45 84 e4 75 18 49
0x00007e4ee6270e54:   8b 45 10 48 85 c0 74 0f 48 c1 e3 05 48 8d 44 18
0x00007e4ee6270e64:   28 48 8b 18 0f b7 db 41 0f b7 44 dd 40 48 83 c4
0x00007e4ee6270e74:   08 5b 41 5c 41 5d 5d c3 0f 1f 40 00 48 8d 05 01
0x00007e4ee6270e84:   3d bd 00 48 8d 0d 52 3d 8e 00 48 8d 15 83 3d 8e 


Stack slot to memory mapping:
stack at sp + 0 slots: 0x00007e4ee63e4a18: <offset 0x00000000007e4a18> in /usr/lib/jvm/java-11-openjdk-amd64/lib/server/libjvm.so at 0x00007e4ee5c00000
stack at sp + 1 slots: 0x00007e4edfffe410 points into unknown readable memory: 0x00007e4edfffe4a0 | a0 e4 ff df 4e 7e 00 00
stack at sp + 2 slots: 0x00007e4ee63e375f: <offset 0x00000000007e375f> in /usr/lib/jvm/java-11-openjdk-amd64/lib/server/libjvm.so at 0x00007e4ee5c00000
stack at sp + 3 slots: 0x000000004fffffff is an unknown value
stack at sp + 4 slots: 0x00007e4ee6e8e588: <offset 0x000000000128e588> in /usr/lib/jvm/java-11-openjdk-amd64/lib/server/libjvm.so at 0x00007e4ee5c00000
stack at sp + 5 slots: 0x00007e4edfffe440 points into unknown readable memory: 0x00007e4edfffe4a0 | a0 e4 ff df 4e 7e 00 00
stack at sp + 6 slots: 0x0000000000000051 is an unknown value
stack at sp + 7 slots: 0x00000000000000b4 is an unknown value

VM_Operation (0x00007e4ec00fe8b0): GetOrSetLocal, mode: safepoint, requested by thread 0x00007e4ee0163800


---------------  P R O C E S S  ---------------

Threads class SMR info:
_java_thread_list=0x00007e4ee0283f80, length=13, elements={
0x00007e4ee0017000, 0x00007e4ee00e7000, 0x00007e4ee00e9800, 0x00007e4ee00ef000,
0x00007e4ee00f1000, 0x00007e4ee00f3000, 0x00007e4ee00f5000, 0x00007e4ee00f7000,
0x00007e4ee0163800, 0x00007e4ee0167000, 0x00007e4e8c001800, 0x00007e4ee016d000,
0x00007e4ee0283800
}

Java Threads: ( => current thread )
  0x00007e4ee0017000 JavaThread "main" [_thread_blocked, id=599095, stack(0x00007e4ee6f00000,0x00007e4ee7000000)]
  0x00007e4ee00e7000 JavaThread "Reference Handler" daemon [_thread_blocked, id=599102, stack(0x00007e4ec8500000,0x00007e4ec8600000)]
  0x00007e4ee00e9800 JavaThread "Finalizer" daemon [_thread_blocked, id=599103, stack(0x00007e4ec8400000,0x00007e4ec8500000)]
  0x00007e4ee00ef000 JavaThread "Signal Dispatcher" daemon [_thread_blocked, id=599104, stack(0x00007e4ec8300000,0x00007e4ec8400000)]
  0x00007e4ee00f1000 JavaThread "Service Thread" daemon [_thread_blocked, id=599105, stack(0x00007e4ec8200000,0x00007e4ec8300000)]
  0x00007e4ee00f3000 JavaThread "C2 CompilerThread0" daemon [_thread_blocked, id=599106, stack(0x00007e4ec8100000,0x00007e4ec8200000)]
  0x00007e4ee00f5000 JavaThread "C1 CompilerThread0" daemon [_thread_blocked, id=599107, stack(0x00007e4ec8000000,0x00007e4ec8100000)]
  0x00007e4ee00f7000 JavaThread "Sweeper thread" daemon [_thread_blocked, id=599108, stack(0x00007e4ec0100000,0x00007e4ec0200000)]
  0x00007e4ee0163800 JavaThread "JDWP Transport Listener: dt_socket" daemon [_thread_blocked, id=599110, stack(0x00007e4ec0000000,0x00007e4ec0100000)] _threads_hazard_ptr=0x00007e4ee0283f80
  0x00007e4ee0167000 JavaThread "JDWP Event Helper Thread" daemon [_thread_blocked, id=599113, stack(0x00007e4eb9f00000,0x00007e4eba000000)]
  0x00007e4e8c001800 JavaThread "JDWP Command Reader" daemon [_thread_in_native, id=599114, stack(0x00007e4eb9e00000,0x00007e4eb9f00000)]
  0x00007e4ee016d000 JavaThread "Common-Cleaner" daemon [_thread_blocked, id=599120, stack(0x00007e4eb9bff000,0x00007e4eb9cff000)]
  0x00007e4ee0283800 JavaThread "ReaderThread" [_thread_in_native, id=599121, stack(0x00007e4eb9aff000,0x00007e4eb9bff000)]

Other Threads:
=>0x00007e4ee00e4800 VMThread "VM Thread" [stack: 0x00007e4edff00000,0x00007e4ee0000000] [id=599101]
  0x00007e4ee0169800 WatcherThread [stack: 0x00007e4eb9d00000,0x00007e4eb9e00000] [id=599119]
  0x00007e4ee0030000 GCTaskThread "GC Thread#0" [stack: 0x00007e4ee5615000,0x00007e4ee5715000] [id=599096]
  0x00007e4eac001000 GCTaskThread "GC Thread#1" [stack: 0x00007e4eb99ff000,0x00007e4eb9aff000] [id=599122]
  0x00007e4eac002800 GCTaskThread "GC Thread#2" [stack: 0x00007e4eb98fe000,0x00007e4eb99fe000] [id=599123]
  0x00007e4eac004800 GCTaskThread "GC Thread#3" [stack: 0x00007e4eb97fd000,0x00007e4eb98fd000] [id=599124]
  0x00007e4ee0055800 ConcurrentGCThread "G1 Main Marker" [stack: 0x00007e4ee4897000,0x00007e4ee4997000] [id=599097]
  0x00007e4ee0057800 ConcurrentGCThread "G1 Conc#0" [stack: 0x00007e4ee4796000,0x00007e4ee4896000] [id=599098]
  0x00007e4ee00b3800 ConcurrentGCThread "G1 Refine#0" [stack: 0x00007e4ee4291000,0x00007e4ee4391000] [id=599099]
  0x00007e4ee00b5800 ConcurrentGCThread "G1 Young RemSet Sampling" [stack: 0x00007e4ee4190000,0x00007e4ee4290000] [id=599100]

Threads with active compile tasks:

VM state:at safepoint (normal execution)

VM Mutex/Monitor currently owned by a thread:  ([mutex/lock_event])
[0x00007e4ee0014970] Threads_lock - owner thread: 0x00007e4ee00e4800

Heap address: 0x00000000a5a00000, size: 1446 MB, Compressed Oops mode: 32-bit
Narrow klass base: 0x0000000800000000, Narrow klass shift: 3
Compressed class space size: 1073741824 Address: 0x0000000840000000

Heap:
 garbage-first heap   total 96256K, used 3233K [0x00000000a5a00000, 0x0000000100000000)
  region size 1024K, 4 young (4096K), 2 survivors (2048K)
 Metaspace       used 5017K, capacity 7380K, committed 7424K, reserved 1056768K
  class space    used 637K, capacity 998K, committed 1024K, reserved 1048576K
Heap Regions: E=young(eden), S=young(survivor), O=old, HS=humongous(starts), HC=humongous(continues), CS=collection set, F=free, A=archive, TAMS=top-at-mark-start (previous, next)
|   0|0x00000000a5a00000, 0x00000000a5a00000, 0x00000000a5b00000|  0%| F|  |TAMS 0x00000000a5a00000, 0x00000000a5a00000| Untracked 
|   1|0x00000000a5b00000, 0x00000000a5b00000, 0x00000000a5c00000|  0%| F|  |TAMS 0x00000000a5b00000, 0x00000000a5b00000| Untracked 
|   2|0x00000000a5c00000, 0x00000000a5c00000, 0x00000000a5d00000|  0%| F|  |TAMS 0x00000000a5c00000, 0x00000000a5c00000| Untracked 
|   3|0x00000000a5d00000, 0x00000000a5d00000, 0x00000000a5e00000|  0%| F|  |TAMS 0x00000000a5d00000, 0x00000000a5d00000| Untracked 
|   4|0x00000000a5e00000, 0x00000000a5e00000, 0x00000000a5f00000|  0%| F|  |TAMS 0x00000000a5e00000, 0x00000000a5e00000| Untracked 
|   5|0x00000000a5f00000, 0x00000000a5f00000, 0x00000000a6000000|  0%| F|  |TAMS 0x00000000a5f00000, 0x00000000a5f00000| Untracked 
|   6|0x00000000a6000000, 0x00000000a6000000, 0x00000000a6100000|  0%| F|  |TAMS 0x00000000a6000000, 0x00000000a6000000| Untracked 
|   7|0x00000000a6100000, 0x00000000a6100000, 0x00000000a6200000|  0%| F|  |TAMS 0x00000000a6100000, 0x00000000a6100000| Untracked 
|   8|0x00000000a6200000, 0x00000000a6200000, 0x00000000a6300000|  0%| F|  |TAMS 0x00000000a6200000, 0x00000000a6200000| Untracked 
|   9|0x00000000a6300000, 0x00000000a6300000, 0x00000000a6400000|  0%| F|  |TAMS 0x00000000a6300000, 0x00000000a6300000| Untracked 
|  10|0x00000000a6400000, 0x00000000a6400000, 0x00000000a6500000|  0%| F|  |TAMS 0x00000000a6400000, 0x00000000a6400000| Untracked 
|  11|0x00000000a6500000, 0x00000000a6500000, 0x00000000a6600000|  0%| F|  |TAMS 0x00000000a6500000, 0x00000000a6500000| Untracked 
|  12|0x00000000a6600000, 0x00000000a6600000, 0x00000000a6700000|  0%| F|  |TAMS 0x00000000a6600000, 0x00000000a6600000| Untracked 
|  13|0x00000000a6700000, 0x00000000a6700000, 0x00000000a6800000|  0%| F|  |TAMS 0x00000000a6700000, 0x00000000a6700000| Untracked 
|  14|0x00000000a6800000, 0x00000000a6800000, 0x00000000a6900000|  0%| F|  |TAMS 0x00000000a6800000, 0x00000000a6800000| Untracked 
|  15|0x00000000a6900000, 0x00000000a6900000, 0x00000000a6a00000|  0%| F|  |TAMS 0x00000000a6900000, 0x00000000a6900000| Untracked 
|  16|0x00000000a6a00000, 0x00000000a6a00000, 0x00000000a6b00000|  0%| F|  |TAMS 0x00000000a6a00000, 0x00000000a6a00000| Untracked 
|  17|0x00000000a6b00000, 0x00000000a6b00000, 0x00000000a6c00000|  0%| F|  |TAMS 0x00000000a6b00000, 0x00000000a6b00000| Untracked 
|  18|0x00000000a6c00000, 0x00000000a6c00000, 0x00000000a6d00000|  0%| F|  |TAMS 0x00000000a6c00000, 0x00000000a6c00000| Untracked 
|  19|0x00000000a6d00000, 0x00000000a6d00000, 0x00000000a6e00000|  0%| F|  |TAMS 0x00000000a6d00000, 0x00000000a6d00000| Untracked 
|  20|0x00000000a6e00000, 0x00000000a6e00000, 0x00000000a6f00000|  0%| F|  |TAMS 0x00000000a6e00000, 0x00000000a6e00000| Untracked 
|  21|0x00000000a6f00000, 0x00000000a6f00000, 0x00000000a7000000|  0%| F|  |TAMS 0x00000000a6f00000, 0x00000000a6f00000| Untracked 
|  22|0x00000000a7000000, 0x00000000a7000000, 0x00000000a7100000|  0%| F|  |TAMS 0x00000000a7000000, 0x00000000a7000000| Untracked 
|  23|0x00000000a7100000, 0x00000000a7100000, 0x00000000a7200000|  0%| F|  |TAMS 0x00000000a7100000, 0x00000000a7100000| Untracked 
|  24|0x00000000a7200000, 0x00000000a7200000, 0x00000000a7300000|  0%| F|  |TAMS 0x00000000a7200000, 0x00000000a7200000| Untracked 
|  25|0x00000000a7300000, 0x00000000a7300000, 0x00000000a7400000|  0%| F|  |TAMS 0x00000000a7300000, 0x00000000a7300000| Untracked 
|  26|0x00000000a7400000, 0x00000000a7400000, 0x00000000a7500000|  0%| F|  |TAMS 0x00000000a7400000, 0x00000000a7400000| Untracked 
|  27|0x00000000a7500000, 0x00000000a7500000, 0x00000000a7600000|  0%| F|  |TAMS 0x00000000a7500000, 0x00000000a7500000| Untracked 
|  28|0x00000000a7600000, 0x00000000a7600000, 0x00000000a7700000|  0%| F|  |TAMS 0x00000000a7600000, 0x00000000a7600000| Untracked 
|  29|0x00000000a7700000, 0x00000000a7700000, 0x00000000a7800000|  0%| F|  |TAMS 0x00000000a7700000, 0x00000000a7700000| Untracked 
|  30|0x00000000a7800000, 0x00000000a7800000, 0x00000000a7900000|  0%| F|  |TAMS 0x00000000a7800000, 0x00000000a7800000| Untracked 
|  31|0x00000000a7900000, 0x00000000a7900000, 0x00000000a7a00000|  0%| F|  |TAMS 0x00000000a7900000, 0x00000000a7900000| Untracked 
|  32|0x00000000a7a00000, 0x00000000a7a00000, 0x00000000a7b00000|  0%| F|  |TAMS 0x00000000a7a00000, 0x00000000a7a00000| Untracked 
|  33|0x00000000a7b00000, 0x00000000a7b00000, 0x00000000a7c00000|  0%| F|  |TAMS 0x00000000a7b00000, 0x00000000a7b00000| Untracked 
|  34|0x00000000a7c00000, 0x00000000a7c00000, 0x00000000a7d00000|  0%| F|  |TAMS 0x00000000a7c00000, 0x00000000a7c00000| Untracked 
|  35|0x00000000a7d00000, 0x00000000a7d00000, 0x00000000a7e00000|  0%| F|  |TAMS 0x00000000a7d00000, 0x00000000a7d00000| Untracked 
|  36|0x00000000a7e00000, 0x00000000a7e00000, 0x00000000a7f00000|  0%| F|  |TAMS 0x00000000a7e00000, 0x00000000a7e00000| Untracked 
|  37|0x00000000a7f00000, 0x00000000a7f00000, 0x00000000a8000000|  0%| F|  |TAMS 0x00000000a7f00000, 0x00000000a7f00000| Untracked 
|  38|0x00000000a8000000, 0x00000000a8000000, 0x00000000a8100000|  0%| F|  |TAMS 0x00000000a8000000, 0x00000000a8000000| Untracked 
|  39|0x00000000a8100000, 0x00000000a8100000, 0x00000000a8200000|  0%| F|  |TAMS 0x00000000a8100000, 0x00000000a8100000| Untracked 
|  40|0x00000000a8200000, 0x00000000a8200000, 0x00000000a8300000|  0%| F|  |TAMS 0x00000000a8200000, 0x00000000a8200000| Untracked 
|  41|0x00000000a8300000, 0x00000000a8300000, 0x00000000a8400000|  0%| F|  |TAMS 0x00000000a8300000, 0x00000000a8300000| Untracked 
|  42|0x00000000a8400000, 0x00000000a8400000, 0x00000000a8500000|  0%| F|  |TAMS 0x00000000a8400000, 0x00000000a8400000| Untracked 
|  43|0x00000000a8500000, 0x00000000a8500000, 0x00000000a8600000|  0%| F|  |TAMS 0x00000000a8500000, 0x00000000a8500000| Untracked 
|  44|0x00000000a8600000, 0x00000000a8600000, 0x00000000a8700000|  0%| F|  |TAMS 0x00000000a8600000, 0x00000000a8600000| Untracked 
|  45|0x00000000a8700000, 0x00000000a8700000, 0x00000000a8800000|  0%| F|  |TAMS 0x00000000a8700000, 0x00000000a8700000| Untracked 
|  46|0x00000000a8800000, 0x00000000a8800000, 0x00000000a8900000|  0%| F|  |TAMS 0x00000000a8800000, 0x00000000a8800000| Untracked 
|  47|0x00000000a8900000, 0x00000000a8900000, 0x00000000a8a00000|  0%| F|  |TAMS 0x00000000a8900000, 0x00000000a8900000| Untracked 
|  48|0x00000000a8a00000, 0x00000000a8a00000, 0x00000000a8b00000|  0%| F|  |TAMS 0x00000000a8a00000, 0x00000000a8a00000| Untracked 
|  49|0x00000000a8b00000, 0x00000000a8b00000, 0x00000000a8c00000|  0%| F|  |TAMS 0x00000000a8b00000, 0x00000000a8b00000| Untracked 
|  50|0x00000000a8c00000, 0x00000000a8c00000, 0x00000000a8d00000|  0%| F|  |TAMS 0x00000000a8c00000, 0x00000000a8c00000| Untracked 
|  51|0x00000000a8d00000, 0x00000000a8d00000, 0x00000000a8e00000|  0%| F|  |TAMS 0x00000000a8d00000, 0x00000000a8d00000| Untracked 
|  52|0x00000000a8e00000, 0x00000000a8e00000, 0x00000000a8f00000|  0%| F|  |TAMS 0x00000000a8e00000, 0x00000000a8e00000| Untracked 
|  53|0x00000000a8f00000, 0x00000000a8f00000, 0x00000000a9000000|  0%| F|  |TAMS 0x00000000a8f00000, 0x00000000a8f00000| Untracked 
|  54|0x00000000a9000000, 0x00000000a9000000, 0x00000000a9100000|  0%| F|  |TAMS 0x00000000a9000000, 0x00000000a9000000| Untracked 
|  55|0x00000000a9100000, 0x00000000a9100000, 0x00000000a9200000|  0%| F|  |TAMS 0x00000000a9100000, 0x00000000a9100000| Untracked 
|  56|0x00000000a9200000, 0x00000000a9200000, 0x00000000a9300000|  0%| F|  |TAMS 0x00000000a9200000, 0x00000000a9200000| Untracked 
|  57|0x00000000a9300000, 0x00000000a9300000, 0x00000000a9400000|  0%| F|  |TAMS 0x00000000a9300000, 0x00000000a9300000| Untracked 
|  58|0x00000000a9400000, 0x00000000a9400000, 0x00000000a9500000|  0%| F|  |TAMS 0x00000000a9400000, 0x00000000a9400000| Untracked 
|  59|0x00000000a9500000, 0x00000000a9500000, 0x00000000a9600000|  0%| F|  |TAMS 0x00000000a9500000, 0x00000000a9500000| Untracked 
|  60|0x00000000a9600000, 0x00000000a9600000, 0x00000000a9700000|  0%| F|  |TAMS 0x00000000a9600000, 0x00000000a9600000| Untracked 
|  61|0x00000000a9700000, 0x00000000a9700000, 0x00000000a9800000|  0%| F|  |TAMS 0x00000000a9700000, 0x00000000a9700000| Untracked 
|  62|0x00000000a9800000, 0x00000000a9800000, 0x00000000a9900000|  0%| F|  |TAMS 0x00000000a9800000, 0x00000000a9800000| Untracked 
|  63|0x00000000a9900000, 0x00000000a9900000, 0x00000000a9a00000|  0%| F|  |TAMS 0x00000000a9900000, 0x00000000a9900000| Untracked 
|  64|0x00000000a9a00000, 0x00000000a9a00000, 0x00000000a9b00000|  0%| F|  |TAMS 0x00000000a9a00000, 0x00000000a9a00000| Untracked 
|  65|0x00000000a9b00000, 0x00000000a9b00000, 0x00000000a9c00000|  0%| F|  |TAMS 0x00000000a9b00000, 0x00000000a9b00000| Untracked 
|  66|0x00000000a9c00000, 0x00000000a9c00000, 0x00000000a9d00000|  0%| F|  |TAMS 0x00000000a9c00000, 0x00000000a9c00000| Untracked 
|  67|0x00000000a9d00000, 0x00000000a9d00000, 0x00000000a9e00000|  0%| F|  |TAMS 0x00000000a9d00000, 0x00000000a9d00000| Untracked 
|  68|0x00000000a9e00000, 0x00000000a9e00000, 0x00000000a9f00000|  0%| F|  |TAMS 0x00000000a9e00000, 0x00000000a9e00000| Untracked 
|  69|0x00000000a9f00000, 0x00000000a9f00000, 0x00000000aa000000|  0%| F|  |TAMS 0x00000000a9f00000, 0x00000000a9f00000| Untracked 
|  70|0x00000000aa000000, 0x00000000aa000000, 0x00000000aa100000|  0%| F|  |TAMS 0x00000000aa000000, 0x00000000aa000000| Untracked 
|  71|0x00000000aa100000, 0x00000000aa100000, 0x00000000aa200000|  0%| F|  |TAMS 0x00000000aa100000, 0x00000000aa100000| Untracked 
|  72|0x00000000aa200000, 0x00000000aa200000, 0x00000000aa300000|  0%| F|  |TAMS 0x00000000aa200000, 0x00000000aa200000| Untracked 
|  73|0x00000000aa300000, 0x00000000aa300000, 0x00000000aa400000|  0%| F|  |TAMS 0x00000000aa300000, 0x00000000aa300000| Untracked 
|  74|0x00000000aa400000, 0x00000000aa400000, 0x00000000aa500000|  0%| F|  |TAMS 0x00000000aa400000, 0x00000000aa400000| Untracked 
|  75|0x00000000aa500000, 0x00000000aa500000, 0x00000000aa600000|  0%| F|  |TAMS 0x00000000aa500000, 0x00000000aa500000| Untracked 
|  76|0x00000000aa600000, 0x00000000aa674480, 0x00000000aa700000| 45%| S|CS|TAMS 0x00000000aa600000, 0x00000000aa600000| Complete 
|  77|0x00000000aa700000, 0x00000000aa800000, 0x00000000aa800000|100%| S|CS|TAMS 0x00000000aa700000, 0x00000000aa700000| Complete 
|  78|0x00000000aa800000, 0x00000000aa800000, 0x00000000aa900000|  0%| F|  |TAMS 0x00000000aa800000, 0x00000000aa800000| Untracked 
|  79|0x00000000aa900000, 0x00000000aa900000, 0x00000000aaa00000|  0%| F|  |TAMS 0x00000000aa900000, 0x00000000aa900000| Untracked 
|  80|0x00000000aaa00000, 0x00000000aaa00000, 0x00000000aab00000|  0%| F|  |TAMS 0x00000000aaa00000, 0x00000000aaa00000| Untracked 
|  81|0x00000000aab00000, 0x00000000aab00000, 0x00000000aac00000|  0%| F|  |TAMS 0x00000000aab00000, 0x00000000aab00000| Untracked 
|  82|0x00000000aac00000, 0x00000000aac00000, 0x00000000aad00000|  0%| F|  |TAMS 0x00000000aac00000, 0x00000000aac00000| Untracked 
|  83|0x00000000aad00000, 0x00000000aad00000, 0x00000000aae00000|  0%| F|  |TAMS 0x00000000aad00000, 0x00000000aad00000| Untracked 
|  84|0x00000000aae00000, 0x00000000aae00000, 0x00000000aaf00000|  0%| F|  |TAMS 0x00000000aae00000, 0x00000000aae00000| Untracked 
|  85|0x00000000aaf00000, 0x00000000aaf00000, 0x00000000ab000000|  0%| F|  |TAMS 0x00000000aaf00000, 0x00000000aaf00000| Untracked 
|  86|0x00000000ab000000, 0x00000000ab000000, 0x00000000ab100000|  0%| F|  |TAMS 0x00000000ab000000, 0x00000000ab000000| Untracked 
|  87|0x00000000ab100000, 0x00000000ab100000, 0x00000000ab200000|  0%| F|  |TAMS 0x00000000ab100000, 0x00000000ab100000| Untracked 
|  88|0x00000000ab200000, 0x00000000ab200000, 0x00000000ab300000|  0%| F|  |TAMS 0x00000000ab200000, 0x00000000ab200000| Untracked 
|  89|0x00000000ab300000, 0x00000000ab300000, 0x00000000ab400000|  0%| F|  |TAMS 0x00000000ab300000, 0x00000000ab300000| Untracked 
|  90|0x00000000ab400000, 0x00000000ab400800, 0x00000000ab500000|  0%| E|  |TAMS 0x00000000ab400000, 0x00000000ab400000| Complete 
|  91|0x00000000ab500000, 0x00000000ab600000, 0x00000000ab600000|100%| E|CS|TAMS 0x00000000ab500000, 0x00000000ab500000| Complete 
|1444|0x00000000ffe00000, 0x00000000ffe48000, 0x00000000fff00000| 28%|OA|  |TAMS 0x00000000ffe00000, 0x00000000ffe00000| Untracked 
|1445|0x00000000fff00000, 0x00000000fff6c000, 0x0000000100000000| 42%|CA|  |TAMS 0x00000000fff00000, 0x00000000fff00000| Untracked 

Card table byte_map: [0x00007e4ee4c6a000,0x00007e4ee4f3d000] _byte_map_base: 0x00007e4ee473d000

Marking Bits (Prev, Next): (CMBitMap*) 0x00007e4ee004ef18, (CMBitMap*) 0x00007e4ee004ef50
 Prev Bits: [0x00007e4ec2968000, 0x00007e4ec4000000)
 Next Bits: [0x00007e4ec12d0000, 0x00007e4ec2968000)

Polling page: 0x00007e4ee5bfe000

Metaspace:

Usage:
  Non-class:      6,23 MB capacity,     4,28 MB ( 69%) used,     1,91 MB ( 31%) free+waste,    46,75 KB ( <1%) overhead. 
      Class:    998,00 KB capacity,   637,20 KB ( 64%) used,   336,30 KB ( 34%) free+waste,    24,50 KB (  2%) overhead. 
       Both:      7,21 MB capacity,     4,90 MB ( 68%) used,     2,24 MB ( 31%) free+waste,    71,25 KB ( <1%) overhead. 

Virtual space:
  Non-class space:        8,00 MB reserved,       6,25 MB ( 78%) committed 
      Class space:        1,00 GB reserved,       1,00 MB ( <1%) committed 
             Both:        1,01 GB reserved,       7,25 MB ( <1%) committed 

Chunk freelists:
   Non-Class:  18,00 KB
       Class:  0 bytes
        Both:  18,00 KB

MaxMetaspaceSize: unlimited
CompressedClassSpaceSize: 1,00 GB
Initial GC threshold: 20,80 MB
Current GC threshold: 20,80 MB
CDS: on

CodeHeap 'non-profiled nmethods': size=120032Kb used=296Kb max_used=296Kb free=119735Kb
 bounds [0x00007e4ed00c8000, 0x00007e4ed0338000, 0x00007e4ed7600000]
CodeHeap 'profiled nmethods': size=120032Kb used=1936Kb max_used=1936Kb free=118095Kb
 bounds [0x00007e4ec8b90000, 0x00007e4ec8e00000, 0x00007e4ed00c8000]
CodeHeap 'non-nmethods': size=5696Kb used=1169Kb max_used=1183Kb free=4527Kb
 bounds [0x00007e4ec8600000, 0x00007e4ec8870000, 0x00007e4ec8b90000]
 total_blobs=1341 nmethods=989 adapters=274
 compilation: enabled
              stopped_count=0, restarted_count=0
 full_count=0

Compilation events (20 events):
Event: 0,813 Thread 0x00007e4ee00f5000 nmethod 980 0x00007e4ec8d71310 code [0x00007e4ec8d71560, 0x00007e4ec8d71f80]
Event: 0,815 Thread 0x00007e4ee00f3000 nmethod 974 0x00007e4ed010f010 code [0x00007e4ed010f1e0, 0x00007e4ed010f9f8]
Event: 0,815 Thread 0x00007e4ee00f3000  979 %     4       java.io.UnixFileSystem::normalize @ 10 (75 bytes)
Event: 0,816 Thread 0x00007e4ee00f5000  982       3       java.util.regex.Pattern::peek (26 bytes)
Event: 0,818 Thread 0x00007e4ee00f5000 nmethod 982 0x00007e4ec8d72410 code [0x00007e4ec8d725e0, 0x00007e4ec8d72860]
Event: 0,818 Thread 0x00007e4ee00f5000  983       3       java.lang.invoke.InfoFromMemberName::getDeclaringClass (8 bytes)
Event: 0,818 Thread 0x00007e4ee00f5000 nmethod 983 0x00007e4ec8d72990 code [0x00007e4ec8d72b40, 0x00007e4ec8d72c70]
Event: 0,819 Thread 0x00007e4ee00f5000  984       3       java.lang.StringUTF16::getChar (60 bytes)
Event: 0,819 Thread 0x00007e4ee00f3000 nmethod 979% 0x00007e4ed010fd10 code [0x00007e4ed010fec0, 0x00007e4ed01100e8]
Event: 0,819 Thread 0x00007e4ee00f3000  981       4       java.util.zip.ZipFile$Source::getEntryPos (206 bytes)
Event: 0,819 Thread 0x00007e4ee00f5000 nmethod 984 0x00007e4ec8d72d10 code [0x00007e4ec8d72ec0, 0x00007e4ec8d73010]
Event: 0,822 Thread 0x00007e4ee00f5000  986       3       java.lang.CharacterData::of (120 bytes)
Event: 0,822 Thread 0x00007e4ee00f5000 nmethod 986 0x00007e4ec8d73110 code [0x00007e4ec8d73320, 0x00007e4ec8d73990]
Event: 0,824 Thread 0x00007e4ee00f5000  988       3       java.util.stream.Sink$ChainedReference::<init> (16 bytes)
Event: 0,826 Thread 0x00007e4ee00f5000 nmethod 988 0x00007e4ec8d73b90 code [0x00007e4ec8d73d80, 0x00007e4ec8d741e0]
Event: 0,826 Thread 0x00007e4ee00f5000  987       1       java.util.stream.FindOps$FindSink::cancellationRequested (5 bytes)
Event: 0,826 Thread 0x00007e4ee00f5000 nmethod 987 0x00007e4ed0110790 code [0x00007e4ed0110940, 0x00007e4ed0110a10]
Event: 0,849 Thread 0x00007e4ee00f3000 nmethod 981 0x00007e4ed0110a90 code [0x00007e4ed0110c60, 0x00007e4ed0111818]
Event: 0,850 Thread 0x00007e4ee00f3000  985       4       java.lang.StringUTF16::getChar (60 bytes)
Event: 0,851 Thread 0x00007e4ee00f3000 nmethod 985 0x00007e4ed0111f10 code [0x00007e4ed01120a0, 0x00007e4ed0112158]

GC Heap History (2 events):
Event: 0,780 GC heap before
{Heap before GC invocations=0 (full 0):
 garbage-first heap   total 96256K, used 14032K [0x00000000a5a00000, 0x0000000100000000)
  region size 1024K, 14 young (14336K), 0 survivors (0K)
 Metaspace       used 4771K, capacity 7199K, committed 7424K, reserved 1056768K
  class space    used 599K, capacity 937K, committed 1024K, reserved 1048576K
}
Event: 0,790 GC heap after
{Heap after GC invocations=1 (full 0):
 garbage-first heap   total 96256K, used 2209K [0x00000000a5a00000, 0x0000000100000000)
  region size 1024K, 2 young (2048K), 2 survivors (2048K)
 Metaspace       used 4771K, capacity 7199K, committed 7424K, reserved 1056768K
  class space    used 599K, capacity 937K, committed 1024K, reserved 1048576K
}

Deoptimization events (20 events):
Event: 0,472 Thread 0x00007e4ee0017000 DEOPT PACKING pc=0x00007e4ec8bff38a sp=0x00007e4ee6ffccb0
Event: 0,472 Thread 0x00007e4ee0017000 DEOPT UNPACKING pc=0x00007e4ec864a64a sp=0x00007e4ee6ffc158 mode 0
Event: 0,714 Thread 0x00007e4ee0017000 DEOPT PACKING pc=0x00007e4ec8d1c2e4 sp=0x00007e4ee6ffd430
Event: 0,714 Thread 0x00007e4ee0017000 DEOPT UNPACKING pc=0x00007e4ec864a64a sp=0x00007e4ee6ffc8e8 mode 1
Event: 0,714 Thread 0x00007e4ee0017000 DEOPT PACKING pc=0x00007e4ec8c74c84 sp=0x00007e4ee6ffd500
Event: 0,714 Thread 0x00007e4ee0017000 DEOPT UNPACKING pc=0x00007e4ec864a64a sp=0x00007e4ee6ffc9d8 mode 1
Event: 0,726 Thread 0x00007e4ee0017000 DEOPT PACKING pc=0x00007e4ec8bed2d3 sp=0x00007e4ee6ffb280
Event: 0,726 Thread 0x00007e4ee0017000 DEOPT UNPACKING pc=0x00007e4ec864a64a sp=0x00007e4ee6ffa7c8 mode 0
Event: 0,815 Thread 0x00007e4ee0017000 Uncommon trap: trap_request=0xffffff4d fr.pc=0x00007e4ed00cbf0c relative=0x000000000000006c
Event: 0,815 Thread 0x00007e4ee0017000 Uncommon trap: reason=unstable_if action=reinterpret pc=0x00007e4ed00cbf0c method=java.lang.String.isLatin1()Z @ 10 c2
Event: 0,815 Thread 0x00007e4ee0017000 DEOPT PACKING pc=0x00007e4ed00cbf0c sp=0x00007e4ee6ffb820
Event: 0,815 Thread 0x00007e4ee0017000 DEOPT UNPACKING pc=0x00007e4ec8649ea5 sp=0x00007e4ee6ffb7e0 mode 2
Event: 0,816 Thread 0x00007e4ee0017000 Uncommon trap: trap_request=0xffffff4d fr.pc=0x00007e4ed00f2764 relative=0x0000000000000044
Event: 0,816 Thread 0x00007e4ee0017000 Uncommon trap: reason=unstable_if action=reinterpret pc=0x00007e4ed00f2764 method=java.lang.CharacterData.of(I)Ljava/lang/CharacterData; @ 4 c2
Event: 0,816 Thread 0x00007e4ee0017000 DEOPT PACKING pc=0x00007e4ed00f2764 sp=0x00007e4ee6ffb110
Event: 0,816 Thread 0x00007e4ee0017000 DEOPT UNPACKING pc=0x00007e4ec8649ea5 sp=0x00007e4ee6ffb0c8 mode 2
Event: 0,821 Thread 0x00007e4ee0017000 Uncommon trap: trap_request=0xffffff4d fr.pc=0x00007e4ed00d97c0 relative=0x00000000000001a0
Event: 0,821 Thread 0x00007e4ee0017000 Uncommon trap: reason=unstable_if action=reinterpret pc=0x00007e4ed00d97c0 method=java.lang.String.isLatin1()Z @ 10 c2
Event: 0,821 Thread 0x00007e4ee0017000 DEOPT PACKING pc=0x00007e4ed00d97c0 sp=0x00007e4ee6ffb950
Event: 0,821 Thread 0x00007e4ee0017000 DEOPT UNPACKING pc=0x00007e4ec8649ea5 sp=0x00007e4ee6ffb8a8 mode 2

Classes redefined (4 events):
Event: 140,121 Thread 0x00007e4ee00e4800 redefined class name=aed.ABB, count=1
Event: 140,125 Thread 0x00007e4ee00e4800 redefined class name=aed.ABB$Nodo, count=1
Event: 142,156 Thread 0x00007e4ee00e4800 redefined class name=aed.ABB, count=2
Event: 142,160 Thread 0x00007e4ee00e4800 redefined class name=aed.ABB$Nodo, count=2

Internal exceptions (20 events):
Event: 0,488 Thread 0x00007e4ee0017000 Exception <a 'java/lang/NoSuchMethodError'{0x00000000aafb1090}: 'int java.lang.invoke.DirectMethodHandle$Holder.invokeSpecialIFC(java.lang.Object, java.lang.Object, int)'> (0x00000000aafb1090) thrown at [./src/hotspot/share/interpreter/linkResolver.cpp, line 772]
Event: 0,491 Thread 0x00007e4ee0017000 Exception <a 'java/lang/NoSuchMethodError'{0x00000000aafd16d0}: 'java.lang.Object java.lang.invoke.DirectMethodHandle$Holder.invokeStaticInit(java.lang.Object, java.lang.Object, java.lang.Object)'> (0x00000000aafd16d0) thrown at [./src/hotspot/share/interpreter/linkResolver.cpp, line 772]
Event: 0,492 Thread 0x00007e4ee0017000 Exception <a 'java/lang/NoSuchMethodError'{0x00000000aafd8790}: 'void java.lang.invoke.DirectMethodHandle$Holder.invokeStaticInit(java.lang.Object, java.lang.Object, java.lang.Object)'> (0x00000000aafd8790) thrown at [./src/hotspot/share/interpreter/linkResolver.cpp, line 772]
Event: 0,557 Thread 0x00007e4ee0017000 Exception <a 'java/lang/NoSuchMethodError'{0x00000000aad53408}: 'java.lang.Object java.lang.invoke.DirectMethodHandle$Holder.invokeSpecialIFC(java.lang.Object, java.lang.Object, java.lang.Object, java.lang.Object)'> (0x00000000aad53408) thrown at [./src/hotspot/share/interpreter/linkResolver.cpp, line 772]
Event: 0,561 Thread 0x00007e4ee0017000 Exception <a 'java/lang/NoSuchMethodError'{0x00000000aad6b240}: 'java.lang.Object java.lang.invoke.DirectMethodHandle$Holder.invokeInterface(java.lang.Object, java.lang.Object, java.lang.Object)'> (0x00000000aad6b240) thrown at [./src/hotspot/share/interpreter/linkResolver.cpp, line 772]
Event: 0,593 Thread 0x00007e4ee0017000 Exception <a 'java/lang/NoSuchMethodError'{0x00000000aac09728}: 'java.lang.Object java.lang.invoke.Invokers$Holder.linkToTargetMethod(java.lang.Object, java.lang.Object, java.lang.Object, java.lang.Object, java.lang.Object, java.lang.Object)'> (0x00000000aac09728) thrown at [./src/hotspot/share/interpreter/linkResolver.cpp, line 772]
Event: 0,604 Thread 0x00007e4ee0017000 Exception <a 'java/lang/IncompatibleClassChangeError'{0x00000000aac53150}: Found class java.lang.Object, but interface was expected> (0x00000000aac53150) thrown at [./src/hotspot/share/interpreter/linkResolver.cpp, line 839]
Event: 0,626 Thread 0x00007e4ee0017000 Exception <a 'java/lang/IncompatibleClassChangeError'{0x00000000aaca7fd0}: Found class java.lang.Object, but interface was expected> (0x00000000aaca7fd0) thrown at [./src/hotspot/share/interpreter/linkResolver.cpp, line 839]
Event: 0,643 Thread 0x00007e4ee0017000 Exception <a 'java/lang/NoSuchMethodError'{0x00000000aab18510}: 'void java.lang.invoke.DirectMethodHandle$Holder.invokeSpecial(java.lang.Object, java.lang.Object, java.lang.Object, java.lang.Object, java.lang.Object)'> (0x00000000aab18510) thrown at [./src/hotspot/share/interpreter/linkResolver.cpp, line 772]
Event: 0,679 Thread 0x00007e4ee0017000 Exception <a 'java/lang/NoSuchMethodError'{0x00000000aabe8e20}: 'void java.lang.invoke.DirectMethodHandle$Holder.invokeInterface(java.lang.Object, java.lang.Object, java.lang.Object, java.lang.Object)'> (0x00000000aabe8e20) thrown at [./src/hotspot/share/interpreter/linkResolver.cpp, line 772]
Event: 0,680 Thread 0x00007e4ee0017000 Exception <a 'java/lang/IncompatibleClassChangeError'{0x00000000aabebbe0}: Found class java.lang.Object, but interface was expected> (0x00000000aabebbe0) thrown at [./src/hotspot/share/interpreter/linkResolver.cpp, line 839]
Event: 0,687 Thread 0x00007e4ee0017000 Exception <a 'java/lang/NoSuchMethodError'{0x00000000aaa16810}: 'void java.lang.invoke.DirectMethodHandle$Holder.invokeStatic(java.lang.Object, java.lang.Object, java.lang.Object, java.lang.Object)'> (0x00000000aaa16810) thrown at [./src/hotspot/share/interpreter/linkResolver.cpp, line 772]
Event: 0,700 Thread 0x00007e4ee0017000 Exception <a 'java/lang/NoSuchMethodError'{0x00000000aaa7f428}: 'int java.lang.invoke.DirectMethodHandle$Holder.invokeStatic(java.lang.Object, java.lang.Object, java.lang.Object, java.lang.Object, java.lang.Object)'> (0x00000000aaa7f428) thrown at [./src/hotspot/share/interpreter/linkResolver.cpp, line 772]
Event: 0,710 Thread 0x00007e4ee0017000 Exception <a 'java/lang/NoSuchMethodError'{0x00000000aaacf7b0}: 'void java.lang.invoke.DirectMethodHandle$Holder.invokeStaticInit(java.lang.Object)'> (0x00000000aaacf7b0) thrown at [./src/hotspot/share/interpreter/linkResolver.cpp, line 772]
Event: 0,717 Thread 0x00007e4ee0017000 Exception <a 'java/lang/NoSuchMethodError'{0x00000000aaafd6d0}: 'void java.lang.invoke.DirectMethodHandle$Holder.invokeSpecial(java.lang.Object, java.lang.Object)'> (0x00000000aaafd6d0) thrown at [./src/hotspot/share/interpreter/linkResolver.cpp, line 772]
Event: 0,741 Thread 0x00007e4ee0017000 Exception <a 'java/lang/NoSuchMethodError'{0x00000000aa9ec6f0}: 'int java.lang.invoke.DirectMethodHandle$Holder.invokeStaticInit(java.lang.Object, java.lang.Object)'> (0x00000000aa9ec6f0) thrown at [./src/hotspot/share/interpreter/linkResolver.cpp, line 772]
Event: 0,779 Thread 0x00007e4ee0017000 Exception <a 'java/lang/NoSuchMethodError'{0x00000000aa8f11a0}: 'void java.lang.invoke.DirectMethodHandle$Holder.invokeStatic(java.lang.Object, java.lang.Object, java.lang.Object, java.lang.Object, java.lang.Object)'> (0x00000000aa8f11a0) thrown at [./src/hotspot/share/interpreter/linkResolver.cpp, line 772]
Event: 0,780 Thread 0x00007e4ee0017000 Exception <a 'java/lang/NoSuchMethodError'{0x00000000aa8ff5e8}: 'java.lang.Object java.lang.invoke.Invokers$Holder.linkToTargetMethod(java.lang.Object, java.lang.Object, java.lang.Object, java.lang.Object, java.lang.Object, java.lang.Object, java.lang.Object)'> (0x00000000aa8ff5e8) thrown at [./src/hotspot/share/interpreter/linkResolver.cpp, line 772]
Event: 0,794 Thread 0x00007e4ee0017000 Exception <a 'java/lang/NoSuchMethodError'{0x00000000ab511678}: 'java.lang.Object java.lang.invoke.DirectMethodHandle$Holder.invokeInterface(java.lang.Object, java.lang.Object, java.lang.Object, java.lang.Object, java.lang.Object)'> (0x00000000ab511678) thrown at [./src/hotspot/share/interpreter/linkResolver.cpp, line 772]
Event: 0,794 Thread 0x00007e4ee0017000 Exception <a 'java/lang/IncompatibleClassChangeError'{0x00000000ab514dd0}: Found class java.lang.Object, but interface was expected> (0x00000000ab514dd0) thrown at [./src/hotspot/share/interpreter/linkResolver.cpp, line 839]

Events (20 events):
Event: 140,138 Executing VM operation: ChangeBreakpoints done
Event: 141,074 Executing VM operation: GetFrameLocation
Event: 141,074 Executing VM operation: GetFrameLocation done
Event: 141,074 Executing VM operation: GetOrSetLocal
Event: 141,074 Executing VM operation: GetOrSetLocal done
Event: 142,135 Executing VM operation: GetFrameCount
Event: 142,135 Executing VM operation: GetFrameCount done
Event: 142,135 Executing VM operation: GetStackTrace
Event: 142,135 Executing VM operation: GetStackTrace done
Event: 142,147 Executing VM operation: RedefineClasses
Event: 142,161 Executing VM operation: RedefineClasses done
Event: 142,161 Executing VM operation: GetFrameCount
Event: 142,161 Executing VM operation: GetFrameCount done
Event: 142,161 Executing VM operation: GetStackTrace
Event: 142,161 Executing VM operation: GetStackTrace done
Event: 142,170 Executing VM operation: ChangeBreakpoints
Event: 142,171 Executing VM operation: ChangeBreakpoints done
Event: 151,928 Executing VM operation: GetFrameLocation
Event: 151,928 Executing VM operation: GetFrameLocation done
Event: 151,928 Executing VM operation: GetOrSetLocal


Dynamic libraries:
a5a00000-ab600000 rw-p 00000000 00:00 0 
ab600000-ffe00000 ---p 00000000 00:00 0 
ffe00000-ffe48000 rw-p 00b14000 08:08 2751297                            /usr/lib/jvm/java-11-openjdk-amd64/lib/server/classes.jsa
ffe48000-fff00000 rw-p 00000000 00:00 0 
fff00000-fff6c000 rw-p 00aa8000 08:08 2751297                            /usr/lib/jvm/java-11-openjdk-amd64/lib/server/classes.jsa
fff6c000-100000000 rw-p 00000000 00:00 0 
800000000-800002000 rwxp 00001000 08:08 2751297                          /usr/lib/jvm/java-11-openjdk-amd64/lib/server/classes.jsa
800002000-800aa7000 rw-p 00003000 08:08 2751297                          /usr/lib/jvm/java-11-openjdk-amd64/lib/server/classes.jsa
840000000-840100000 rw-p 00000000 00:00 0 
840100000-880000000 ---p 00000000 00:00 0 
5f7a8abbc000-5f7a8abbd000 r--p 00000000 08:08 2750709                    /usr/lib/jvm/java-11-openjdk-amd64/bin/java
5f7a8abbd000-5f7a8abbe000 r-xp 00001000 08:08 2750709                    /usr/lib/jvm/java-11-openjdk-amd64/bin/java
5f7a8abbe000-5f7a8abbf000 r--p 00002000 08:08 2750709                    /usr/lib/jvm/java-11-openjdk-amd64/bin/java
5f7a8abbf000-5f7a8abc0000 r--p 00002000 08:08 2750709                    /usr/lib/jvm/java-11-openjdk-amd64/bin/java
5f7a8abc0000-5f7a8abc1000 rw-p 00003000 08:08 2750709                    /usr/lib/jvm/java-11-openjdk-amd64/bin/java
5f7a8beb3000-5f7a8bed4000 rw-p 00000000 00:00 0                          [heap]
7e4e68000000-7e4e68021000 rw-p 00000000 00:00 0 
7e4e68021000-7e4e6c000000 ---p 00000000 00:00 0 
7e4e6c000000-7e4e6c021000 rw-p 00000000 00:00 0 
7e4e6c021000-7e4e70000000 ---p 00000000 00:00 0 
7e4e70000000-7e4e70021000 rw-p 00000000 00:00 0 
7e4e70021000-7e4e74000000 ---p 00000000 00:00 0 
7e4e74000000-7e4e74021000 rw-p 00000000 00:00 0 
7e4e74021000-7e4e78000000 ---p 00000000 00:00 0 
7e4e78000000-7e4e78021000 rw-p 00000000 00:00 0 
7e4e78021000-7e4e7c000000 ---p 00000000 00:00 0 
7e4e7c000000-7e4e7c021000 rw-p 00000000 00:00 0 
7e4e7c021000-7e4e80000000 ---p 00000000 00:00 0 
7e4e80000000-7e4e80021000 rw-p 00000000 00:00 0 
7e4e80021000-7e4e84000000 ---p 00000000 00:00 0 
7e4e84000000-7e4e84021000 rw-p 00000000 00:00 0 
7e4e84021000-7e4e88000000 ---p 00000000 00:00 0 
7e4e88000000-7e4e88021000 rw-p 00000000 00:00 0 
7e4e88021000-7e4e8c000000 ---p 00000000 00:00 0 
7e4e8c000000-7e4e8c099000 rw-p 00000000 00:00 0 
7e4e8c099000-7e4e90000000 ---p 00000000 00:00 0 
7e4e90000000-7e4e9037c000 rw-p 00000000 00:00 0 
7e4e9037c000-7e4e94000000 ---p 00000000 00:00 0 
7e4e94000000-7e4e9436e000 rw-p 00000000 00:00 0 
7e4e9436e000-7e4e98000000 ---p 00000000 00:00 0 
7e4e98000000-7e4e98021000 rw-p 00000000 00:00 0 
7e4e98021000-7e4e9c000000 ---p 00000000 00:00 0 
7e4e9c000000-7e4e9c021000 rw-p 00000000 00:00 0 
7e4e9c021000-7e4ea0000000 ---p 00000000 00:00 0 
7e4ea0000000-7e4ea0021000 rw-p 00000000 00:00 0 
7e4ea0021000-7e4ea4000000 ---p 00000000 00:00 0 
7e4ea4000000-7e4ea4021000 rw-p 00000000 00:00 0 
7e4ea4021000-7e4ea8000000 ---p 00000000 00:00 0 
7e4ea8000000-7e4ea8021000 rw-p 00000000 00:00 0 
7e4ea8021000-7e4eac000000 ---p 00000000 00:00 0 
7e4eac000000-7e4eac088000 rw-p 00000000 00:00 0 
7e4eac088000-7e4eb0000000 ---p 00000000 00:00 0 
7e4eb0000000-7e4eb0021000 rw-p 00000000 00:00 0 
7e4eb0021000-7e4eb4000000 ---p 00000000 00:00 0 
7e4eb4000000-7e4eb4021000 rw-p 00000000 00:00 0 
7e4eb4021000-7e4eb8000000 ---p 00000000 00:00 0 
7e4eb9448000-7e4eb97fc000 rw-p 00000000 00:00 0 
7e4eb97fc000-7e4eb97fd000 ---p 00000000 00:00 0 
7e4eb97fd000-7e4eb98fd000 rw-p 00000000 00:00 0 
7e4eb98fd000-7e4eb98fe000 ---p 00000000 00:00 0 
7e4eb98fe000-7e4eb99fe000 rw-p 00000000 00:00 0 
7e4eb99fe000-7e4eb99ff000 ---p 00000000 00:00 0 
7e4eb99ff000-7e4eb9aff000 rw-p 00000000 00:00 0 
7e4eb9aff000-7e4eb9b03000 ---p 00000000 00:00 0 
7e4eb9b03000-7e4eb9bff000 rw-p 00000000 00:00 0 
7e4eb9bff000-7e4eb9c03000 ---p 00000000 00:00 0 
7e4eb9c03000-7e4eb9cff000 rw-p 00000000 00:00 0 
7e4eb9cff000-7e4eb9d00000 ---p 00000000 00:00 0 
7e4eb9d00000-7e4eb9e00000 rw-p 00000000 00:00 0 
7e4eb9e00000-7e4eb9e04000 ---p 00000000 00:00 0 
7e4eb9e04000-7e4eb9f00000 rw-p 00000000 00:00 0 
7e4eb9f00000-7e4eb9f04000 ---p 00000000 00:00 0 
7e4eb9f04000-7e4ebc000000 rw-p 00000000 00:00 0 
7e4ebc000000-7e4ebc021000 rw-p 00000000 00:00 0 
7e4ebc021000-7e4ec0000000 ---p 00000000 00:00 0 
7e4ec0000000-7e4ec0004000 ---p 00000000 00:00 0 
7e4ec0004000-7e4ec0100000 rw-p 00000000 00:00 0 
7e4ec0100000-7e4ec0104000 ---p 00000000 00:00 0 
7e4ec0104000-7e4ec0200000 rw-p 00000000 00:00 0 
7e4ec0200000-7e4ec0a01000 r--p 00000000 08:08 2749145                    /usr/lib/locale/locale-archive
7e4ec0ad0000-7e4ec1110000 rw-p 00000000 00:00 0 
7e4ec1110000-7e4ec12d0000 ---p 00000000 00:00 0 
7e4ec12d0000-7e4ec1440000 rw-p 00000000 00:00 0 
7e4ec1440000-7e4ec2960000 ---p 00000000 00:00 0 
7e4ec2960000-7e4ec2ad8000 rw-p 00000000 00:00 0 
7e4ec2ad8000-7e4ec3ff8000 ---p 00000000 00:00 0 
7e4ec3ff8000-7e4ec4000000 rw-p 00000000 00:00 0 
7e4ec4000000-7e4ec4021000 rw-p 00000000 00:00 0 
7e4ec4021000-7e4ec8000000 ---p 00000000 00:00 0 
7e4ec8000000-7e4ec8004000 ---p 00000000 00:00 0 
7e4ec8004000-7e4ec8100000 rw-p 00000000 00:00 0 
7e4ec8100000-7e4ec8104000 ---p 00000000 00:00 0 
7e4ec8104000-7e4ec8200000 rw-p 00000000 00:00 0 
7e4ec8200000-7e4ec8204000 ---p 00000000 00:00 0 
7e4ec8204000-7e4ec8300000 rw-p 00000000 00:00 0 
7e4ec8300000-7e4ec8304000 ---p 00000000 00:00 0 
7e4ec8304000-7e4ec8400000 rw-p 00000000 00:00 0 
7e4ec8400000-7e4ec8404000 ---p 00000000 00:00 0 
7e4ec8404000-7e4ec8500000 rw-p 00000000 00:00 0 
7e4ec8500000-7e4ec8504000 ---p 00000000 00:00 0 
7e4ec8504000-7e4ec8600000 rw-p 00000000 00:00 0 
7e4ec8600000-7e4ec8870000 rwxp 00000000 00:00 0 
7e4ec8870000-7e4ec8b90000 ---p 00000000 00:00 0 
7e4ec8b90000-7e4ec8e00000 rwxp 00000000 00:00 0 
7e4ec8e00000-7e4ed00c8000 ---p 00000000 00:00 0 
7e4ed00c8000-7e4ed0338000 rwxp 00000000 00:00 0 
7e4ed0338000-7e4ed7600000 ---p 00000000 00:00 0 
7e4ed7600000-7e4edfe25000 r--s 00000000 08:08 2750907                    /usr/lib/jvm/java-11-openjdk-amd64/lib/modules
7e4edfeff000-7e4edff00000 ---p 00000000 00:00 0 
7e4edff00000-7e4ee0000000 rw-p 00000000 00:00 0 
7e4ee0000000-7e4ee045e000 rw-p 00000000 00:00 0 
7e4ee045e000-7e4ee4000000 ---p 00000000 00:00 0 
7e4ee402e000-7e4ee405f000 rw-p 00000000 00:00 0 
7e4ee405f000-7e4ee4063000 r--p 00000000 08:08 2750895                    /usr/lib/jvm/java-11-openjdk-amd64/lib/libnet.so
7e4ee4063000-7e4ee4071000 r-xp 00004000 08:08 2750895                    /usr/lib/jvm/java-11-openjdk-amd64/lib/libnet.so
7e4ee4071000-7e4ee4075000 r--p 00012000 08:08 2750895                    /usr/lib/jvm/java-11-openjdk-amd64/lib/libnet.so
7e4ee4075000-7e4ee4076000 r--p 00015000 08:08 2750895                    /usr/lib/jvm/java-11-openjdk-amd64/lib/libnet.so
7e4ee4076000-7e4ee4077000 rw-p 00016000 08:08 2750895                    /usr/lib/jvm/java-11-openjdk-amd64/lib/libnet.so
7e4ee4077000-7e4ee407e000 r--p 00000000 08:08 2750896                    /usr/lib/jvm/java-11-openjdk-amd64/lib/libnio.so
7e4ee407e000-7e4ee4086000 r-xp 00007000 08:08 2750896                    /usr/lib/jvm/java-11-openjdk-amd64/lib/libnio.so
7e4ee4086000-7e4ee4089000 r--p 0000f000 08:08 2750896                    /usr/lib/jvm/java-11-openjdk-amd64/lib/libnio.so
7e4ee4089000-7e4ee408a000 r--p 00011000 08:08 2750896                    /usr/lib/jvm/java-11-openjdk-amd64/lib/libnio.so
7e4ee408a000-7e4ee408b000 rw-p 00012000 08:08 2750896                    /usr/lib/jvm/java-11-openjdk-amd64/lib/libnio.so
7e4ee408b000-7e4ee418f000 rw-p 00000000 00:00 0 
7e4ee418f000-7e4ee4190000 ---p 00000000 00:00 0 
7e4ee4190000-7e4ee4290000 rw-p 00000000 00:00 0 
7e4ee4290000-7e4ee4291000 ---p 00000000 00:00 0 
7e4ee4291000-7e4ee4795000 rw-p 00000000 00:00 0 
7e4ee4795000-7e4ee4796000 ---p 00000000 00:00 0 
7e4ee4796000-7e4ee4896000 rw-p 00000000 00:00 0 
7e4ee4896000-7e4ee4897000 ---p 00000000 00:00 0 
7e4ee4897000-7e4ee49c5000 rw-p 00000000 00:00 0 
7e4ee49c5000-7e4ee4c69000 ---p 00000000 00:00 0 
7e4ee4c69000-7e4ee4c98000 rw-p 00000000 00:00 0 
7e4ee4c98000-7e4ee4f3c000 ---p 00000000 00:00 0 
7e4ee4f3c000-7e4ee4f6b000 rw-p 00000000 00:00 0 
7e4ee4f6b000-7e4ee520f000 ---p 00000000 00:00 0 
7e4ee520f000-7e4ee5614000 rw-p 00000000 00:00 0 
7e4ee5614000-7e4ee5615000 ---p 00000000 00:00 0 
7e4ee5615000-7e4ee571a000 rw-p 00000000 00:00 0 
7e4ee571a000-7e4ee5800000 ---p 00000000 00:00 0 
7e4ee5800000-7e4ee589a000 r--p 00000000 08:08 2749276                    /usr/lib/x86_64-linux-gnu/libstdc++.so.6.0.30
7e4ee589a000-7e4ee59ab000 r-xp 0009a000 08:08 2749276                    /usr/lib/x86_64-linux-gnu/libstdc++.so.6.0.30
7e4ee59ab000-7e4ee5a1a000 r--p 001ab000 08:08 2749276                    /usr/lib/x86_64-linux-gnu/libstdc++.so.6.0.30
7e4ee5a1a000-7e4ee5a1b000 ---p 0021a000 08:08 2749276                    /usr/lib/x86_64-linux-gnu/libstdc++.so.6.0.30
7e4ee5a1b000-7e4ee5a26000 r--p 0021a000 08:08 2749276                    /usr/lib/x86_64-linux-gnu/libstdc++.so.6.0.30
7e4ee5a26000-7e4ee5a29000 rw-p 00225000 08:08 2749276                    /usr/lib/x86_64-linux-gnu/libstdc++.so.6.0.30
7e4ee5a29000-7e4ee5a2c000 rw-p 00000000 00:00 0 
7e4ee5a2e000-7e4ee5a2f000 r--p 00000000 08:08 2750874                    /usr/lib/jvm/java-11-openjdk-amd64/lib/libextnet.so
7e4ee5a2f000-7e4ee5a30000 r-xp 00001000 08:08 2750874                    /usr/lib/jvm/java-11-openjdk-amd64/lib/libextnet.so
7e4ee5a30000-7e4ee5a31000 r--p 00002000 08:08 2750874                    /usr/lib/jvm/java-11-openjdk-amd64/lib/libextnet.so
7e4ee5a31000-7e4ee5a32000 r--p 00002000 08:08 2750874                    /usr/lib/jvm/java-11-openjdk-amd64/lib/libextnet.so
7e4ee5a32000-7e4ee5a33000 rw-p 00003000 08:08 2750874                    /usr/lib/jvm/java-11-openjdk-amd64/lib/libextnet.so
7e4ee5a33000-7e4ee5a35000 r--p 00000000 08:08 2750873                    /usr/lib/jvm/java-11-openjdk-amd64/lib/libdt_socket.so
7e4ee5a35000-7e4ee5a38000 r-xp 00002000 08:08 2750873                    /usr/lib/jvm/java-11-openjdk-amd64/lib/libdt_socket.so
7e4ee5a38000-7e4ee5a39000 r--p 00005000 08:08 2750873                    /usr/lib/jvm/java-11-openjdk-amd64/lib/libdt_socket.so
7e4ee5a39000-7e4ee5a3a000 ---p 00006000 08:08 2750873                    /usr/lib/jvm/java-11-openjdk-amd64/lib/libdt_socket.so
7e4ee5a3a000-7e4ee5a3b000 r--p 00006000 08:08 2750873                    /usr/lib/jvm/java-11-openjdk-amd64/lib/libdt_socket.so
7e4ee5a3b000-7e4ee5a3c000 rw-p 00007000 08:08 2750873                    /usr/lib/jvm/java-11-openjdk-amd64/lib/libdt_socket.so
7e4ee5a3c000-7e4ee5a43000 r--s 00000000 08:08 2757285                    /usr/lib/x86_64-linux-gnu/gconv/gconv-modules.cache
7e4ee5a43000-7e4ee5abb000 rw-p 00000000 00:00 0 
7e4ee5abb000-7e4ee5ba1000 ---p 00000000 00:00 0 
7e4ee5ba1000-7e4ee5ba6000 rw-p 00000000 00:00 0 
7e4ee5ba6000-7e4ee5bad000 ---p 00000000 00:00 0 
7e4ee5bad000-7e4ee5baf000 r--p 00000000 08:08 2750906                    /usr/lib/jvm/java-11-openjdk-amd64/lib/libzip.so
7e4ee5baf000-7e4ee5bb4000 r-xp 00002000 08:08 2750906                    /usr/lib/jvm/java-11-openjdk-amd64/lib/libzip.so
7e4ee5bb4000-7e4ee5bb6000 r--p 00007000 08:08 2750906                    /usr/lib/jvm/java-11-openjdk-amd64/lib/libzip.so
7e4ee5bb6000-7e4ee5bb7000 r--p 00008000 08:08 2750906                    /usr/lib/jvm/java-11-openjdk-amd64/lib/libzip.so
7e4ee5bb7000-7e4ee5bb8000 rw-p 00009000 08:08 2750906                    /usr/lib/jvm/java-11-openjdk-amd64/lib/libzip.so
7e4ee5bb8000-7e4ee5bc0000 rw-s 00000000 08:08 1702370                    /tmp/hsperfdata_danim/599094
7e4ee5bc0000-7e4ee5bc2000 r--p 00000000 08:08 2750885                    /usr/lib/jvm/java-11-openjdk-amd64/lib/libjdwp.so
7e4ee5bc2000-7e4ee5bee000 r-xp 00002000 08:08 2750885                    /usr/lib/jvm/java-11-openjdk-amd64/lib/libjdwp.so
7e4ee5bee000-7e4ee5bfc000 r--p 0002e000 08:08 2750885                    /usr/lib/jvm/java-11-openjdk-amd64/lib/libjdwp.so
7e4ee5bfc000-7e4ee5bfd000 r--p 0003b000 08:08 2750885                    /usr/lib/jvm/java-11-openjdk-amd64/lib/libjdwp.so
7e4ee5bfd000-7e4ee5bfe000 rw-p 0003c000 08:08 2750885                    /usr/lib/jvm/java-11-openjdk-amd64/lib/libjdwp.so
7e4ee5bfe000-7e4ee5bff000 ---p 00000000 00:00 0 
7e4ee5bff000-7e4ee5c00000 r--p 00000000 00:00 0 
7e4ee5c00000-7e4ee5e82000 r--p 00000000 08:08 2750919                    /usr/lib/jvm/java-11-openjdk-amd64/lib/server/libjvm.so
7e4ee5e82000-7e4ee6b20000 r-xp 00282000 08:08 2750919                    /usr/lib/jvm/java-11-openjdk-amd64/lib/server/libjvm.so
7e4ee6b20000-7e4ee6d7c000 r--p 00f20000 08:08 2750919                    /usr/lib/jvm/java-11-openjdk-amd64/lib/server/libjvm.so
7e4ee6d7c000-7e4ee6e40000 r--p 0117b000 08:08 2750919                    /usr/lib/jvm/java-11-openjdk-amd64/lib/server/libjvm.so
7e4ee6e40000-7e4ee6e7b000 rw-p 0123f000 08:08 2750919                    /usr/lib/jvm/java-11-openjdk-amd64/lib/server/libjvm.so
7e4ee6e7b000-7e4ee6ed2000 rw-p 00000000 00:00 0 
7e4ee6ed2000-7e4ee6ee0000 r--p 00000000 08:08 2750883                    /usr/lib/jvm/java-11-openjdk-amd64/lib/libjava.so
7e4ee6ee0000-7e4ee6ef6000 r-xp 0000e000 08:08 2750883                    /usr/lib/jvm/java-11-openjdk-amd64/lib/libjava.so
7e4ee6ef6000-7e4ee6efd000 r--p 00024000 08:08 2750883                    /usr/lib/jvm/java-11-openjdk-amd64/lib/libjava.so
7e4ee6efd000-7e4ee6efe000 r--p 0002a000 08:08 2750883                    /usr/lib/jvm/java-11-openjdk-amd64/lib/libjava.so
7e4ee6efe000-7e4ee6eff000 rw-p 0002b000 08:08 2750883                    /usr/lib/jvm/java-11-openjdk-amd64/lib/libjava.so
7e4ee6eff000-7e4ee6f00000 rw-p 00000000 00:00 0 
7e4ee6f00000-7e4ee6f04000 ---p 00000000 00:00 0 
7e4ee6f04000-7e4ee7000000 rw-p 00000000 00:00 0 
7e4ee7000000-7e4ee7028000 r--p 00000000 08:08 2757001                    /usr/lib/x86_64-linux-gnu/libc.so.6
7e4ee7028000-7e4ee71bd000 r-xp 00028000 08:08 2757001                    /usr/lib/x86_64-linux-gnu/libc.so.6
7e4ee71bd000-7e4ee7215000 r--p 001bd000 08:08 2757001                    /usr/lib/x86_64-linux-gnu/libc.so.6
7e4ee7215000-7e4ee7216000 ---p 00215000 08:08 2757001                    /usr/lib/x86_64-linux-gnu/libc.so.6
7e4ee7216000-7e4ee721a000 r--p 00215000 08:08 2757001                    /usr/lib/x86_64-linux-gnu/libc.so.6
7e4ee721a000-7e4ee721c000 rw-p 00219000 08:08 2757001                    /usr/lib/x86_64-linux-gnu/libc.so.6
7e4ee721c000-7e4ee7229000 rw-p 00000000 00:00 0 
7e4ee722a000-7e4ee722c000 r--p 00000000 08:08 2750887                    /usr/lib/jvm/java-11-openjdk-amd64/lib/libjimage.so
7e4ee722c000-7e4ee722f000 r-xp 00002000 08:08 2750887                    /usr/lib/jvm/java-11-openjdk-amd64/lib/libjimage.so
7e4ee722f000-7e4ee7230000 r--p 00005000 08:08 2750887                    /usr/lib/jvm/java-11-openjdk-amd64/lib/libjimage.so
7e4ee7230000-7e4ee7231000 ---p 00006000 08:08 2750887                    /usr/lib/jvm/java-11-openjdk-amd64/lib/libjimage.so
7e4ee7231000-7e4ee7232000 r--p 00006000 08:08 2750887                    /usr/lib/jvm/java-11-openjdk-amd64/lib/libjimage.so
7e4ee7232000-7e4ee7233000 rw-p 00007000 08:08 2750887                    /usr/lib/jvm/java-11-openjdk-amd64/lib/libjimage.so
7e4ee7233000-7e4ee7234000 r--p 00000000 08:08 2757016                    /usr/lib/x86_64-linux-gnu/librt.so.1
7e4ee7234000-7e4ee7235000 r-xp 00001000 08:08 2757016                    /usr/lib/x86_64-linux-gnu/librt.so.1
7e4ee7235000-7e4ee7236000 r--p 00002000 08:08 2757016                    /usr/lib/x86_64-linux-gnu/librt.so.1
7e4ee7236000-7e4ee7237000 r--p 00002000 08:08 2757016                    /usr/lib/x86_64-linux-gnu/librt.so.1
7e4ee7237000-7e4ee7238000 rw-p 00003000 08:08 2757016                    /usr/lib/x86_64-linux-gnu/librt.so.1
7e4ee7238000-7e4ee723b000 r--p 00000000 08:08 2749288                    /usr/lib/x86_64-linux-gnu/libgcc_s.so.1
7e4ee723b000-7e4ee7252000 r-xp 00003000 08:08 2749288                    /usr/lib/x86_64-linux-gnu/libgcc_s.so.1
7e4ee7252000-7e4ee7256000 r--p 0001a000 08:08 2749288                    /usr/lib/x86_64-linux-gnu/libgcc_s.so.1
7e4ee7256000-7e4ee7257000 r--p 0001d000 08:08 2749288                    /usr/lib/x86_64-linux-gnu/libgcc_s.so.1
7e4ee7257000-7e4ee7258000 rw-p 0001e000 08:08 2749288                    /usr/lib/x86_64-linux-gnu/libgcc_s.so.1
7e4ee7258000-7e4ee7266000 r--p 00000000 08:08 2757005                    /usr/lib/x86_64-linux-gnu/libm.so.6
7e4ee7266000-7e4ee72e2000 r-xp 0000e000 08:08 2757005                    /usr/lib/x86_64-linux-gnu/libm.so.6
7e4ee72e2000-7e4ee733d000 r--p 0008a000 08:08 2757005                    /usr/lib/x86_64-linux-gnu/libm.so.6
7e4ee733d000-7e4ee733e000 r--p 000e4000 08:08 2757005                    /usr/lib/x86_64-linux-gnu/libm.so.6
7e4ee733e000-7e4ee733f000 rw-p 000e5000 08:08 2757005                    /usr/lib/x86_64-linux-gnu/libm.so.6
7e4ee733f000-7e4ee7342000 rw-p 00000000 00:00 0 
7e4ee7342000-7e4ee7345000 r--p 00000000 08:08 2750866                    /usr/lib/jvm/java-11-openjdk-amd64/lib/jli/libjli.so
7e4ee7345000-7e4ee734f000 r-xp 00003000 08:08 2750866                    /usr/lib/jvm/java-11-openjdk-amd64/lib/jli/libjli.so
7e4ee734f000-7e4ee7352000 r--p 0000d000 08:08 2750866                    /usr/lib/jvm/java-11-openjdk-amd64/lib/jli/libjli.so
7e4ee7352000-7e4ee7353000 ---p 00010000 08:08 2750866                    /usr/lib/jvm/java-11-openjdk-amd64/lib/jli/libjli.so
7e4ee7353000-7e4ee7354000 r--p 00010000 08:08 2750866                    /usr/lib/jvm/java-11-openjdk-amd64/lib/jli/libjli.so
7e4ee7354000-7e4ee7355000 rw-p 00011000 08:08 2750866                    /usr/lib/jvm/java-11-openjdk-amd64/lib/jli/libjli.so
7e4ee7355000-7e4ee7357000 r--p 00000000 08:08 2775245                    /usr/lib/x86_64-linux-gnu/libz.so.1.2.11
7e4ee7357000-7e4ee7368000 r-xp 00002000 08:08 2775245                    /usr/lib/x86_64-linux-gnu/libz.so.1.2.11
7e4ee7368000-7e4ee736e000 r--p 00013000 08:08 2775245                    /usr/lib/x86_64-linux-gnu/libz.so.1.2.11
7e4ee736e000-7e4ee736f000 ---p 00019000 08:08 2775245                    /usr/lib/x86_64-linux-gnu/libz.so.1.2.11
7e4ee736f000-7e4ee7370000 r--p 00019000 08:08 2775245                    /usr/lib/x86_64-linux-gnu/libz.so.1.2.11
7e4ee7370000-7e4ee7371000 rw-p 0001a000 08:08 2775245                    /usr/lib/x86_64-linux-gnu/libz.so.1.2.11
7e4ee7371000-7e4ee7376000 r--p 00000000 08:08 2750905                    /usr/lib/jvm/java-11-openjdk-amd64/lib/libverify.so
7e4ee7376000-7e4ee737d000 r-xp 00005000 08:08 2750905                    /usr/lib/jvm/java-11-openjdk-amd64/lib/libverify.so
7e4ee737d000-7e4ee737f000 r--p 0000c000 08:08 2750905                    /usr/lib/jvm/java-11-openjdk-amd64/lib/libverify.so
7e4ee737f000-7e4ee7381000 r--p 0000d000 08:08 2750905                    /usr/lib/jvm/java-11-openjdk-amd64/lib/libverify.so
7e4ee7381000-7e4ee7382000 rw-p 0000f000 08:08 2750905                    /usr/lib/jvm/java-11-openjdk-amd64/lib/libverify.so
7e4ee7382000-7e4ee7384000 rw-p 00000000 00:00 0 
7e4ee7384000-7e4ee7386000 r--p 00000000 08:08 2756998                    /usr/lib/x86_64-linux-gnu/ld-linux-x86-64.so.2
7e4ee7386000-7e4ee73b0000 r-xp 00002000 08:08 2756998                    /usr/lib/x86_64-linux-gnu/ld-linux-x86-64.so.2
7e4ee73b0000-7e4ee73bb000 r--p 0002c000 08:08 2756998                    /usr/lib/x86_64-linux-gnu/ld-linux-x86-64.so.2
7e4ee73bc000-7e4ee73be000 r--p 00037000 08:08 2756998                    /usr/lib/x86_64-linux-gnu/ld-linux-x86-64.so.2
7e4ee73be000-7e4ee73c0000 rw-p 00039000 08:08 2756998                    /usr/lib/x86_64-linux-gnu/ld-linux-x86-64.so.2
7ffe09446000-7ffe09468000 rw-p 00000000 00:00 0                          [stack]
7ffe094c7000-7ffe094cb000 r--p 00000000 00:00 0                          [vvar]
7ffe094cb000-7ffe094cd000 r-xp 00000000 00:00 0                          [vdso]
ffffffffff600000-ffffffffff601000 --xp 00000000 00:00 0                  [vsyscall]


VM Arguments:
jvm_args: -Xdebug -Xnoagent -Djava.compiler=NONE -Xrunjdwp:transport=dt_socket,address=localhost:38243,server=n,suspend=y -ea -Dfile.encoding=UTF-8 
java_command: org.eclipse.jdt.internal.junit.runner.RemoteTestRunner -version 3 -port 40599 -testLoaderClass org.eclipse.jdt.internal.junit5.runner.JUnit5TestLoader -loaderpluginname org.eclipse.jdt.junit5.runtime -testNameFile /tmp/testNames17156143012472401089.txt
java_class_path (initial): /home/danim/Repositorio/Algo2-1C-2024/Entregas/Taller/taller5/estudiantes/target/test-classes:/home/danim/Repositorio/Algo2-1C-2024/Entregas/Taller/taller5/estudiantes/target/classes:/home/danim/.m2/repository/org/junit/jupiter/junit-jupiter-engine/5.9.2/junit-jupiter-engine-5.9.2.jar:/home/danim/.m2/repository/org/junit/platform/junit-platform-engine/1.9.2/junit-platform-engine-1.9.2.jar:/home/danim/.m2/repository/org/opentest4j/opentest4j/1.2.0/opentest4j-1.2.0.jar:/home/danim/.m2/repository/org/junit/platform/junit-platform-commons/1.9.2/junit-platform-commons-1.9.2.jar:/home/danim/.m2/repository/org/junit/jupiter/junit-jupiter-api/5.9.2/junit-jupiter-api-5.9.2.jar:/home/danim/.m2/repository/org/apiguardian/apiguardian-api/1.1.2/apiguardian-api-1.1.2.jar:/home/danim/.m2/repository/org/junit/platform/junit-platform-launcher/1.9.2/junit-platform-launcher-1.9.2.jar:/home/danim/.config/Code/User/globalStorage/redhat.java/1.30.0/config_linux/org.eclipse.osgi/129/0/.cp:/home/danim/.config/Code/User/globalStorage/redhat.java/1.30.0/config_linux/org.eclipse.osgi/53/0/.cp
Launcher Type: SUN_STANDARD

[Global flags]
     intx CICompilerCount                          = 3                                         {product} {ergonomic}
     uint ConcGCThreads                            = 1                                         {product} {ergonomic}
     uint G1ConcRefinementThreads                  = 4                                         {product} {ergonomic}
   size_t G1HeapRegionSize                         = 1048576                                   {product} {ergonomic}
    uintx GCDrainStackTargetSize                   = 64                                        {product} {ergonomic}
   size_t InitialHeapSize                          = 96468992                                  {product} {ergonomic}
   size_t MarkStackSize                            = 4194304                                   {product} {ergonomic}
   size_t MaxHeapSize                              = 1516240896                                {product} {ergonomic}
   size_t MaxNewSize                               = 909115392                                 {product} {ergonomic}
   size_t MinHeapDeltaBytes                        = 1048576                                   {product} {ergonomic}
    uintx NonNMethodCodeHeapSize                   = 5830732                                {pd product} {ergonomic}
    uintx NonProfiledCodeHeapSize                  = 122913754                              {pd product} {ergonomic}
    uintx ProfiledCodeHeapSize                     = 122913754                              {pd product} {ergonomic}
    uintx ReservedCodeCacheSize                    = 251658240                              {pd product} {ergonomic}
     bool SegmentedCodeCache                       = true                                      {product} {ergonomic}
     bool UseCompressedClassPointers               = true                                 {lp64_product} {ergonomic}
     bool UseCompressedOops                        = true                                 {lp64_product} {ergonomic}
     bool UseG1GC                                  = true                                      {product} {ergonomic}

Logging:
Log output configuration:
 #0: stdout all=warning uptime,level,tags
 #1: stderr all=off uptime,level,tags

Environment Variables:
PATH=/usr/local/sbin:/usr/local/bin:/usr/sbin:/usr/bin:/sbin:/bin:/usr/games:/usr/local/games:/snap/bin:/snap/bin
USERNAME=danim
SHELL=/bin/bash
DISPLAY=:0
LANG=es_AR.UTF-8
TERM=xterm-256color

Signal Handlers:
SIGSEGV: [libjvm.so+0xead700], sa_mask[0]=11111111011111111101111111111110, sa_flags=SA_RESTART|SA_SIGINFO
SIGBUS: [libjvm.so+0xead700], sa_mask[0]=11111111011111111101111111111110, sa_flags=SA_RESTART|SA_SIGINFO
SIGFPE: [libjvm.so+0xead700], sa_mask[0]=11111111011111111101111111111110, sa_flags=SA_RESTART|SA_SIGINFO
SIGPIPE: [libjvm.so+0xbefa50], sa_mask[0]=11111111011111111101111111111110, sa_flags=SA_RESTART|SA_SIGINFO
SIGXFSZ: [libjvm.so+0xbefa50], sa_mask[0]=11111111011111111101111111111110, sa_flags=SA_RESTART|SA_SIGINFO
SIGILL: [libjvm.so+0xead700], sa_mask[0]=11111111011111111101111111111110, sa_flags=SA_RESTART|SA_SIGINFO
SIGUSR2: [libjvm.so+0xbef8f0], sa_mask[0]=00100000000000000000000000000000, sa_flags=SA_RESTART|SA_SIGINFO
SIGHUP: [libjvm.so+0xbf00b0], sa_mask[0]=11111111011111111101111111111110, sa_flags=SA_RESTART|SA_SIGINFO
SIGINT: [libjvm.so+0xbf00b0], sa_mask[0]=11111111011111111101111111111110, sa_flags=SA_RESTART|SA_SIGINFO
SIGTERM: [libjvm.so+0xbf00b0], sa_mask[0]=11111111011111111101111111111110, sa_flags=SA_RESTART|SA_SIGINFO
SIGQUIT: [libjvm.so+0xbf00b0], sa_mask[0]=11111111011111111101111111111110, sa_flags=SA_RESTART|SA_SIGINFO


---------------  S Y S T E M  ---------------

OS:DISTRIB_ID=Ubuntu
DISTRIB_RELEASE=22.04
DISTRIB_CODENAME=jammy
DISTRIB_DESCRIPTION="Ubuntu 22.04.4 LTS"
uname:Linux 6.5.0-35-generic #35~22.04.1-Ubuntu SMP PREEMPT_DYNAMIC Tue May  7 09:00:52 UTC 2 x86_64
OS uptime: 3 days 13:44 hours
libc:glibc 2.35 NPTL 2.35 
rlimit (soft/hard): STACK 8192k/infinity , CORE 0k/infinity , NPROC 22821/22821 , NOFILE 1048576/1048576 , AS infinity/infinity , CPU infinity/infinity , DATA infinity/infinity , FSIZE infinity/infinity , MEMLOCK 739856k/739856k
load average:1,53 1,47 1,69

/proc/meminfo:
MemTotal:        5918876 kB
MemFree:          436032 kB
MemAvailable:    1507108 kB
Buffers:           37176 kB
Cached:          1652908 kB
SwapCached:        86368 kB
Active:          3164908 kB
Inactive:        1599748 kB
Active(anon):    2743424 kB
Inactive(anon):   794140 kB
Active(file):     421484 kB
Inactive(file):   805608 kB
Unevictable:      253048 kB
Mlocked:              16 kB
SwapTotal:       2097148 kB
SwapFree:         804304 kB
Zswap:                 0 kB
Zswapped:              0 kB
Dirty:               272 kB
Writeback:             0 kB
AnonPages:       3298536 kB
Mapped:           585916 kB
Shmem:            462992 kB
KReclaimable:     119056 kB
Slab:             319108 kB
SReclaimable:     119056 kB
SUnreclaim:       200052 kB
KernelStack:       16320 kB
PageTables:        52992 kB
SecPageTables:         0 kB
NFS_Unstable:          0 kB
Bounce:                0 kB
WritebackTmp:          0 kB
CommitLimit:     5056584 kB
Committed_AS:   14258920 kB
VmallocTotal:   34359738367 kB
VmallocUsed:       48080 kB
VmallocChunk:          0 kB
Percpu:             3216 kB
HardwareCorrupted:     0 kB
AnonHugePages:         0 kB
ShmemHugePages:        0 kB
ShmemPmdMapped:        0 kB
FileHugePages:         0 kB
FilePmdMapped:         0 kB
Unaccepted:            0 kB
HugePages_Total:       0
HugePages_Free:        0
HugePages_Rsvd:        0
HugePages_Surp:        0
Hugepagesize:       2048 kB
Hugetlb:               0 kB
DirectMap4k:      185844 kB
DirectMap2M:     4917248 kB
DirectMap1G:     1048576 kB

/sys/kernel/mm/transparent_hugepage/enabled:
always [madvise] never
/sys/kernel/mm/transparent_hugepage/defrag (defrag/compaction efforts parameter):
always defer defer+madvise [madvise] never

Process Memory:
Virtual Size: 4602440K (peak: 12886144K)
Resident Set Size: 74468K (peak: 74468K) (anon: 45864K, file: 28604K, shmem: 0K)
Swapped out: 0K
C-Heap outstanding allocations: 18037K, retained: 8698K
glibc malloc tunables: (default)

/proc/sys/kernel/threads-max (system-wide limit on the number of threads):
45642
/proc/sys/vm/max_map_count (maximum number of memory map areas a process may have):
65530
/proc/sys/kernel/pid_max (system-wide limit on number of process identifiers):
4194304

container (cgroup) information:
container_type: cgroupv2
cpu_cpuset_cpus: not supported
cpu_memory_nodes: not supported
active_processor_count: 4
cpu_quota: not supported
cpu_period: not supported
cpu_shares: not supported
memory_limit_in_bytes: unlimited
memory_and_swap_limit_in_bytes: unlimited
memory_soft_limit_in_bytes: unlimited
memory_usage_in_bytes: 1834024 k
memory_max_usage_in_bytes: not supported
memory_swap_current_in_bytes: 3944 k
memory_swap_max_limit_in_bytes: unlimited
maximum number of tasks: 6846
current number of tasks: 215

Steal ticks since vm start: 0
Steal ticks percentage since vm start:  0,000

CPU:total 4 (initial active 4) (2 cores per cpu, 2 threads per core) family 6 model 142 stepping 9 microcode 0xf4, cmov, cx8, fxsr, mmx, sse, sse2, sse3, ssse3, sse4.1, sse4.2, popcnt, avx, avx2, aes, clmul, erms, 3dnowpref, lzcnt, ht, tsc, tscinvbit, bmi1, bmi2, adx, fma
CPU Model and flags from /proc/cpuinfo:
model name	: Intel(R) Core(TM) i5-7200U CPU @ 2.50GHz
flags		: fpu vme de pse tsc msr pae mce cx8 apic sep mtrr pge mca cmov pat pse36 clflush dts acpi mmx fxsr sse sse2 ss ht tm pbe syscall nx pdpe1gb rdtscp lm constant_tsc art arch_perfmon pebs bts rep_good nopl xtopology nonstop_tsc cpuid aperfmperf pni pclmulqdq dtes64 monitor ds_cpl vmx est tm2 ssse3 sdbg fma cx16 xtpr pdcm pcid sse4_1 sse4_2 x2apic movbe popcnt tsc_deadline_timer aes xsave avx f16c rdrand lahf_lm abm 3dnowprefetch cpuid_fault epb invpcid_single pti ssbd ibrs ibpb stibp tpr_shadow flexpriority ept vpid ept_ad fsgsbase tsc_adjust bmi1 avx2 smep bmi2 erms invpcid mpx rdseed adx smap clflushopt intel_pt xsaveopt xsavec xgetbv1 xsaves dtherm ida arat pln pts hwp hwp_notify hwp_act_window hwp_epp vnmi md_clear flush_l1d arch_capabilities
Online cpus:
0-3
Offline cpus:

BIOS frequency limitation:
<Not Available>
Frequency switch latency (ns):
0
Available cpu frequencies:
<Not Available>
Current governor:
powersave
Core performance/turbo boost:
<Not Available>

Memory: 4k page, physical 5918876k(436032k free), swap 2097148k(804304k free)

vm_info: OpenJDK 64-Bit Server VM (11.0.22+7-post-Ubuntu-0ubuntu222.04.1) for linux-amd64 JRE (11.0.22+7-post-Ubuntu-0ubuntu222.04.1), built on Feb  5 2024 20:45:01 by "unknown" with gcc 11.4.0

END.
